Date: 15-01-2026
Training Log

Topic: Browser Network Analysis – AJAX Request

Data Loading AJAX URL:
https://bam.nr-data.net/events/1/NRJS-dd5f16cdf95712c6cba

Request Headers:
Accept: */*
Accept-Encoding: gzip, deflate, br, zstd
Accept-Language: en-US,en;q=0.9
Content-Type: text/plain
Host: bam.nr-data.net
Origin: https://www.flipkart.com
Referer: https://www.flipkart.com/

Response Headers:
Content-Type: image/gif
Access-Control-Allow-Origin: https://www.flipkart.com
Access-Control-Allow-Methods: GET, POST, PUT, HEAD, OPTIONS
Connection: keep-alive
X-Served-By: cache-maa10222-MAA

Response Cookies:
No response cookies found

Request Method Type:
POST

Response Status Code:
200 OK

Category Name:
Men's Footwear → Men's Sports Shoes
