10:30- Introduction to open source community and collaboration
11:00 - Understanding the Internet and how it works
11:00 - Learned about servers and virtual servers
11:30 - Studied HTTP and HTTPS protocols
11:45 - Overview of HTTP status codes
11:50 - Introduction to APIs and their usage

12:00 - Setup and overview of basic work environment tools
12:15 - VS Code editor usage
12:25 - Sublime Text overview
12:35 - Python basics and installation check
12:50 - Git installation and overview
13:05 - MongoDB introduction
13:20 - MongoDB Compass tool overview

14:00 - What is Git and version control concepts
14:20 - Common Git commands practice
14:45 - Introduction to CI/CD concepts
15:10 - Effective usage of Git in projects

15:30 - Data formats overview
15:40 - JSON structure and examples
15:55 - CSV and TSV formats
16:10 - XML format basics
